<?xml version="1.0" encoding="UTF-8"?>
<!-- Generated by org.testng.reporters.JUnitXMLReporter -->
<testsuite ignored="7" hostname="DESKTOP-KDVKGQG" failures="0" tests="1" name="Default test" time="30.391" errors="0" timestamp="2023-01-23T16:53:36 IST">
  <testcase classname="GreenJeeva.Purchase.CancelRejectPOTest" name="download_pdf_account_Payable" time="8.505"/>
  <testcase classname="GreenJeeva.Purchase.CancelRejectPOTest" name="print_cancelledRejectPO" time="0.0">
    <ignored/>
  </testcase> <!-- print_cancelledRejectPO -->
  <testcase classname="GreenJeeva.Purchase.CancelRejectPOTest" name="cancel_Purchase_Order" time="0.0">
    <ignored/>
  </testcase> <!-- cancel_Purchase_Order -->
  <testcase classname="GreenJeeva.Purchase.CancelRejectPOTest" name="add_note_purchase_order" time="0.0">
    <ignored/>
  </testcase> <!-- add_note_purchase_order -->
  <testcase classname="GreenJeeva.Purchase.CancelRejectPOTest" name="delete_purchase_order" time="0.0">
    <ignored/>
  </testcase> <!-- delete_purchase_order -->
  <testcase classname="GreenJeeva.Purchase.CancelRejectPOTest" name="unmark_as_rejected" time="0.0">
    <ignored/>
  </testcase> <!-- unmark_as_rejected -->
  <testcase classname="GreenJeeva.Purchase.CancelRejectPOTest" name="reject_Purchase_Order" time="0.0">
    <ignored/>
  </testcase> <!-- reject_Purchase_Order -->
  <testcase classname="GreenJeeva.Purchase.CancelRejectPOTest" name="unmark_as_cancelled" time="0.0">
    <ignored/>
  </testcase> <!-- unmark_as_cancelled -->
</testsuite> <!-- Default test -->
