<?xml version="1.0" encoding="UTF-8"?>
<!-- Generated by org.testng.reporters.JUnitXMLReporter -->
<testsuite ignored="3" hostname="DESKTOP-KDVKGQG" failures="0" tests="1" name="Default test" time="47.271" errors="0" timestamp="2022-12-28T16:15:35 IST">
  <testcase classname="GreenJeeva.Purchase.ReceivedQuotationTest" name="received_quotation_convert_to_purchase" time="25.682"/>
  <testcase classname="GreenJeeva.Purchase.ReceivedQuotationTest" name="edit_received_quotation" time="0.0">
    <ignored/>
  </testcase> <!-- edit_received_quotation -->
  <testcase classname="GreenJeeva.Purchase.ReceivedQuotationTest" name="view_as_vendor_received_quotation" time="0.0">
    <ignored/>
  </testcase> <!-- view_as_vendor_received_quotation -->
  <testcase classname="GreenJeeva.Purchase.ReceivedQuotationTest" name="delete_received_quotation" time="0.0">
    <ignored/>
  </testcase> <!-- delete_received_quotation -->
</testsuite> <!-- Default test -->
