<?xml version="1.0" encoding="UTF-8"?>
<!-- Generated by org.testng.reporters.JUnitXMLReporter -->
<testsuite ignored="0" hostname="DESKTOP-KDVKGQG" failures="0" tests="5" name="Regression Tests2" time="135.613" errors="0" timestamp="2022-09-23T11:49:48 IST">
  <testcase classname="GreenJeeva.EnquiriesTest" name="addNewEnquiry" time="36.762"/>
  <testcase classname="GreenJeeva.ToBeSourcedTest" name="verifyToBeSourced" time="15.36"/>
  <testcase classname="GreenJeeva.ToBeSourcedTest" name="SortingOfPriorityVerificationInAssigned" time="24.339"/>
  <testcase classname="GreenJeeva.ToBeSourcedTest" name="enquiryMovedToAssigned" time="17.172"/>
  <testcase classname="GreenJeeva.ToBeSourcedTest" name="SortingOfPriorityVerificationInNotAssigned" time="22.549"/>
</testsuite> <!-- Regression Tests2 -->
