<?xml version="1.0" encoding="UTF-8"?>
<!-- Generated by org.testng.reporters.JUnitXMLReporter -->
<testsuite ignored="0" hostname="DESKTOP-KDVKGQG" failures="0" tests="22" name="Test" time="988.693" errors="0" timestamp="2022-12-07T18:52:44 IST">
  <testcase classname="GreenJeeva.Sales.e2e_enquiry_quotation_salesorder" name="add_New_Enquiry" time="43.664"/>
  <testcase classname="GreenJeeva.Sales.e2e_enquiry_quotation_salesorder" name="convert_To_Quotation" time="24.696"/>
  <testcase classname="GreenJeeva.Sales.e2e_enquiry_quotation_salesorder" name="convert_To_SalesOrder" time="26.078"/>
  <testcase classname="GreenJeeva.Sales.e2e_convert_SO_to_packingList_Test" name="convert_so_to_packingList" time="50.179"/>
  <testcase classname="GreenJeeva.Sales.SaleOrderTest" name="add_Sales_Order" time="34.247"/>
  <testcase classname="GreenJeeva.Sales.SaleOrderTest" name="SO_Updating_current_status" time="9.561"/>
  <testcase classname="GreenJeeva.Sales.ToBeSourcedTest" name="add_Enquiry_for_to_be_sourced" time="46.719"/>
  <testcase classname="GreenJeeva.Sales.ToBeSourcedTest" name="verifyToBeSourced" time="19.875"/>
  <testcase classname="GreenJeeva.Sales.ToBeSourcedTest" name="SortingOfPriorityVerificationInAssigned" time="28.309"/>
  <testcase classname="GreenJeeva.Sales.ToBeSourcedTest" name="enquiryMovedToAssigned" time="20.332"/>
  <testcase classname="GreenJeeva.Sales.ToBeSourcedTest" name="SortingOfPriorityVerificationInNotAssigned" time="26.655"/>
  <testcase classname="GreenJeeva.Sales.EnquiryAddEditDeleteTest" name="add_New_Enquiry" time="44.759"/>
  <testcase classname="GreenJeeva.Sales.EnquiryAddEditDeleteTest" name="edit_existing_Enquiry" time="27.525"/>
  <testcase classname="GreenJeeva.Sales.EnquiryAddEditDeleteTest" name="delete_existing_Enquiry" time="8.236"/>
  <testcase classname="GreenJeeva.Sales.EnquiryAddEditDeleteTest" name="Enquiry_SortingOfPriorityVerification" time="29.839"/>
  <testcase classname="GreenJeeva.Sales.EnquiryAddEditDeleteTest" name="Enquiry_SortingOfStatus" time="16.463"/>
  <testcase classname="GreenJeeva.Sales.DeletingProductFromMultipleList" name="add_Enquiry_Multiple_Products" time="89.687"/>
  <testcase classname="GreenJeeva.Sales.DeletingProductFromMultipleList" name="Delete_products_while_converting_to_quotation" time="17.329"/>
  <testcase classname="GreenJeeva.Sales.DeletingProductFromMultipleList" name="verify_deleted_product_in_enquirylist" time="11.267"/>
  <testcase classname="GreenJeeva.Sales.CancelRejectSOTest" name="cancel_Sales_Order" time="42.126"/>
  <testcase classname="GreenJeeva.Sales.CancelRejectSOTest" name="reject_Sales_Order" time="39.816"/>
  <testcase classname="GreenJeeva.Sales.RMATest" name="SO_to_invoice_to_RMA" time="69.861"/>
</testsuite> <!-- Test -->
