<?xml version="1.0" encoding="UTF-8"?>
<testng-results ignored="3" total="4" passed="1" failed="0" skipped="0">
  <reporter-output>
  </reporter-output>
  <suite started-at="2022-12-28T16:14:48 IST" name="Default suite" finished-at="2022-12-28T16:15:35 IST" duration-ms="47271">
    <groups>
    </groups>
    <test started-at="2022-12-28T16:14:48 IST" name="Default test" finished-at="2022-12-28T16:15:35 IST" duration-ms="47271">
      <class name="GreenJeeva.Purchase.ReceivedQuotationTest">
        <test-method is-config="true" signature="driverOpen()[pri:0, instance:GreenJeeva.Purchase.ReceivedQuotationTest@76494737]" started-at="2022-12-28T16:14:48 IST" name="driverOpen" finished-at="2022-12-28T16:15:10 IST" duration-ms="21538" status="PASS">
          <reporter-output>
          </reporter-output>
        </test-method> <!-- driverOpen -->
        <test-method signature="received_quotation_convert_to_purchase()[pri:0, instance:GreenJeeva.Purchase.ReceivedQuotationTest@76494737]" started-at="2022-12-28T16:15:10 IST" name="received_quotation_convert_to_purchase" finished-at="2022-12-28T16:15:35 IST" duration-ms="25682" status="PASS">
          <reporter-output>
          </reporter-output>
        </test-method> <!-- received_quotation_convert_to_purchase -->
      </class> <!-- GreenJeeva.Purchase.ReceivedQuotationTest -->
    </test> <!-- Default test -->
  </suite> <!-- Default suite -->
</testng-results>
