<?xml version="1.0" encoding="UTF-8"?>
<testng-results ignored="1" total="8" passed="7" failed="0" skipped="0">
  <reporter-output>
  </reporter-output>
  <suite started-at="2023-01-11T12:32:44 IST" name="Default suite" finished-at="2023-01-11T12:34:07 IST" duration-ms="82983">
    <groups>
    </groups>
    <test started-at="2023-01-11T12:32:44 IST" name="Default test" finished-at="2023-01-11T12:34:07 IST" duration-ms="82983">
      <class name="GreenJeeva.Purchase.AccountPayableTest">
        <test-method is-config="true" signature="driverOpen()[pri:0, instance:GreenJeeva.Purchase.AccountPayableTest@303cf2ba]" started-at="2023-01-11T12:32:44 IST" name="driverOpen" finished-at="2023-01-11T12:32:59 IST" duration-ms="15351" status="PASS">
          <reporter-output>
          </reporter-output>
        </test-method> <!-- driverOpen -->
        <test-method signature="edit_account_payable()[pri:1, instance:GreenJeeva.Purchase.AccountPayableTest@303cf2ba]" started-at="2023-01-11T12:32:59 IST" name="edit_account_payable" finished-at="2023-01-11T12:33:14 IST" duration-ms="14253" status="PASS">
          <reporter-output>
          </reporter-output>
        </test-method> <!-- edit_account_payable -->
        <test-method signature="download_pdf_account_Payable()[pri:2, instance:GreenJeeva.Purchase.AccountPayableTest@303cf2ba]" started-at="2023-01-11T12:33:14 IST" name="download_pdf_account_Payable" finished-at="2023-01-11T12:33:20 IST" duration-ms="6626" status="PASS">
          <reporter-output>
          </reporter-output>
        </test-method> <!-- download_pdf_account_Payable -->
        <test-method signature="attach_file_account_payable()[pri:3, instance:GreenJeeva.Purchase.AccountPayableTest@303cf2ba]" started-at="2023-01-11T12:33:20 IST" name="attach_file_account_payable" finished-at="2023-01-11T12:33:34 IST" duration-ms="14264" status="PASS">
          <reporter-output>
          </reporter-output>
        </test-method> <!-- attach_file_account_payable -->
        <test-method signature="delete_account_payable()[pri:4, instance:GreenJeeva.Purchase.AccountPayableTest@303cf2ba]" started-at="2023-01-11T12:33:34 IST" name="delete_account_payable" finished-at="2023-01-11T12:33:44 IST" duration-ms="9045" status="PASS">
          <reporter-output>
          </reporter-output>
        </test-method> <!-- delete_account_payable -->
        <test-method signature="add_note_account_payable()[pri:5, instance:GreenJeeva.Purchase.AccountPayableTest@303cf2ba]" started-at="2023-01-11T12:33:44 IST" name="add_note_account_payable" finished-at="2023-01-11T12:33:52 IST" duration-ms="8299" status="PASS">
          <reporter-output>
          </reporter-output>
        </test-method> <!-- add_note_account_payable -->
        <test-method signature="po_Level_attachment_account_payable()[pri:6, instance:GreenJeeva.Purchase.AccountPayableTest@303cf2ba]" started-at="2023-01-11T12:33:52 IST" name="po_Level_attachment_account_payable" finished-at="2023-01-11T12:33:59 IST" duration-ms="7328" status="PASS">
          <reporter-output>
          </reporter-output>
        </test-method> <!-- po_Level_attachment_account_payable -->
        <test-method signature="print_account_payable()[pri:7, instance:GreenJeeva.Purchase.AccountPayableTest@303cf2ba]" started-at="2023-01-11T12:33:59 IST" name="print_account_payable" finished-at="2023-01-11T12:34:07 IST" duration-ms="7747" status="PASS">
          <reporter-output>
          </reporter-output>
        </test-method> <!-- print_account_payable -->
      </class> <!-- GreenJeeva.Purchase.AccountPayableTest -->
    </test> <!-- Default test -->
  </suite> <!-- Default suite -->
</testng-results>
